1 0 0 0 1
2 0 0 0 2
3 0 0 0 3
4 0 0 0 4
5 0 0 0 5
6 0 0 0 6
7 0 0 0 7
8 0 0 0 8
9 0 0 0 9
10 0 0 1 0
11 0 0 1 1
12 0 0 1 2
13 0 0 1 3
14 0 0 1 4
15 0 0 1 5
16 0 0 1 6
17 0 0 1 7
18 0 0 1 8
19 0 0 1 9
20 0 0 2 0
21 0 0 2 1
22 0 0 2 2
23 0 0 2 3
24 0 0 2 4
25 0 0 2 5
26 0 0 2 6
27 0 0 2 7
28 0 0 2 8
29 0 0 2 9
30 0 0 3 0
31 0 0 3 1
32 0 0 3 2
33 0 0 3 3
34 0 0 3 4
35 0 0 3 5
36 0 0 3 6
37 0 0 3 7
38 0 0 3 8
39 0 0 3 9
40 0 0 4 0
41 0 0 4 1
42 0 0 4 2
43 0 0 4 3
44 0 0 4 4
45 0 0 4 5
46 0 0 4 6
47 0 0 4 7
48 0 0 4 8
49 0 0 4 9
50 0 0 5 0
51 0 0 5 1
52 0 0 5 2
53 0 0 5 3
54 0 0 5 4
55 0 0 5 5
56 0 0 5 6
57 0 0 5 7
58 0 0 5 8
59 0 0 5 9
60 0 0 6 0
61 0 0 6 1
62 0 0 6 2
63 0 0 6 3
64 0 0 6 4
65 0 0 6 5
66 0 0 6 6
67 0 0 6 7
68 0 0 6 8
69 0 0 6 9
70 0 0 7 0
71 0 0 7 1
72 0 0 7 2
73 0 0 7 3
74 0 0 7 4
75 0 0 7 5
76 0 0 7 6
77 0 0 7 7
78 0 0 7 8
79 0 0 7 9
80 0 0 8 0
81 0 0 8 1
82 0 0 8 2
83 0 0 8 3
84 0 0 8 4
85 0 0 8 5
86 0 0 8 6
87 0 0 8 7
88 0 0 8 8
89 0 0 8 9
90 0 0 9 0
91 0 0 9 1
92 0 0 9 2
93 0 0 9 3
94 0 0 9 4
95 0 0 9 5
96 0 0 9 6
97 0 0 9 7
98 0 0 9 8
99 0 0 9 9
100 0 1 9 0
101 0 1 9 1
102 0 1 9 2
103 0 1 9 3
104 0 1 9 4
105 0 1 9 5
106 0 1 9 6
107 0 1 9 7
108 0 1 9 8
109 0 1 9 9
110 0 1 1 0
111 0 1 1 1
112 0 1 1 2
113 0 1 1 3
114 0 1 1 4
115 0 1 1 5
116 0 1 1 6
117 0 1 1 7
118 0 1 1 8
119 0 1 1 9
120 0 1 2 0
121 0 1 2 1
122 0 1 2 2
123 0 1 2 3
124 0 1 2 4
125 0 1 2 5
126 0 1 2 6
127 0 1 2 7
128 0 1 2 8
129 0 1 2 9
130 0 1 3 0
131 0 1 3 1
132 0 1 3 2
133 0 1 3 3
134 0 1 3 4
135 0 1 3 5
136 0 1 3 6
137 0 1 3 7
138 0 1 3 8
139 0 1 3 9
140 0 1 4 0
141 0 1 4 1
142 0 1 4 2
143 0 1 4 3
144 0 1 4 4
145 0 1 4 5
146 0 1 4 6
147 0 1 4 7
148 0 1 4 8
149 0 1 4 9
150 0 1 5 0
151 0 1 5 1
152 0 1 5 2
153 0 1 5 3
154 0 1 5 4
155 0 1 5 5
156 0 1 5 6
157 0 1 5 7
158 0 1 5 8
159 0 1 5 9
160 0 1 6 0
161 0 1 6 1
162 0 1 6 2
163 0 1 6 3
164 0 1 6 4
165 0 1 6 5
166 0 1 6 6
167 0 1 6 7
168 0 1 6 8
169 0 1 6 9
170 0 1 7 0
171 0 1 7 1
172 0 1 7 2
173 0 1 7 3
174 0 1 7 4
175 0 1 7 5
176 0 1 7 6
177 0 1 7 7
178 0 1 7 8
179 0 1 7 9
180 0 1 8 0
181 0 1 8 1
182 0 1 8 2
183 0 1 8 3
184 0 1 8 4
185 0 1 8 5
186 0 1 8 6
187 0 1 8 7
188 0 1 8 8
189 0 1 8 9
190 0 1 9 0
191 0 1 9 1
192 0 1 9 2
193 0 1 9 3
194 0 1 9 4
195 0 1 9 5
196 0 1 9 6
197 0 1 9 7
198 0 1 9 8
199 0 1 9 9
200 0 2 9 0
201 0 2 9 1
202 0 2 9 2
203 0 2 9 3
204 0 2 9 4
205 0 2 9 5
206 0 2 9 6
207 0 2 9 7
208 0 2 9 8
209 0 2 9 9
210 0 2 1 0
211 0 2 1 1
212 0 2 1 2
213 0 2 1 3
214 0 2 1 4
215 0 2 1 5
216 0 2 1 6
217 0 2 1 7
218 0 2 1 8
219 0 2 1 9
220 0 2 2 0
221 0 2 2 1
222 0 2 2 2
223 0 2 2 3
224 0 2 2 4
225 0 2 2 5
226 0 2 2 6
227 0 2 2 7
228 0 2 2 8
229 0 2 2 9
230 0 2 3 0
231 0 2 3 1
232 0 2 3 2
233 0 2 3 3
234 0 2 3 4
235 0 2 3 5
236 0 2 3 6
237 0 2 3 7
238 0 2 3 8
239 0 2 3 9
240 0 2 4 0
241 0 2 4 1
242 0 2 4 2
243 0 2 4 3
244 0 2 4 4
245 0 2 4 5
246 0 2 4 6
247 0 2 4 7
248 0 2 4 8
249 0 2 4 9
250 0 2 5 0
251 0 2 5 1
252 0 2 5 2
253 0 2 5 3
254 0 2 5 4
255 0 2 5 5
256 0 2 5 6
257 0 2 5 7
258 0 2 5 8
259 0 2 5 9
260 0 2 6 0
261 0 2 6 1
262 0 2 6 2
263 0 2 6 3
264 0 2 6 4
265 0 2 6 5
266 0 2 6 6
267 0 2 6 7
268 0 2 6 8
269 0 2 6 9
270 0 2 7 0
271 0 2 7 1
272 0 2 7 2
273 0 2 7 3
274 0 2 7 4
275 0 2 7 5
276 0 2 7 6
277 0 2 7 7
278 0 2 7 8
279 0 2 7 9
280 0 2 8 0
281 0 2 8 1
282 0 2 8 2
283 0 2 8 3
284 0 2 8 4
285 0 2 8 5
286 0 2 8 6
287 0 2 8 7
288 0 2 8 8
289 0 2 8 9
290 0 2 9 0
291 0 2 9 1
292 0 2 9 2
293 0 2 9 3
294 0 2 9 4
295 0 2 9 5
296 0 2 9 6
297 0 2 9 7
298 0 2 9 8
299 0 2 9 9
300 0 3 9 0
301 0 3 9 1
302 0 3 9 2
303 0 3 9 3
304 0 3 9 4
305 0 3 9 5
306 0 3 9 6
307 0 3 9 7
308 0 3 9 8
309 0 3 9 9
310 0 3 1 0
311 0 3 1 1
312 0 3 1 2
313 0 3 1 3
314 0 3 1 4
315 0 3 1 5
316 0 3 1 6
317 0 3 1 7
318 0 3 1 8
319 0 3 1 9
320 0 3 2 0
321 0 3 2 1
322 0 3 2 2
323 0 3 2 3
324 0 3 2 4
325 0 3 2 5
326 0 3 2 6
327 0 3 2 7
328 0 3 2 8
329 0 3 2 9
330 0 3 3 0
331 0 3 3 1
332 0 3 3 2
333 0 3 3 3
334 0 3 3 4
335 0 3 3 5
336 0 3 3 6
337 0 3 3 7
338 0 3 3 8
339 0 3 3 9
340 0 3 4 0
341 0 3 4 1
342 0 3 4 2
343 0 3 4 3
344 0 3 4 4
345 0 3 4 5
346 0 3 4 6
347 0 3 4 7
348 0 3 4 8
349 0 3 4 9
350 0 3 5 0
351 0 3 5 1
352 0 3 5 2
353 0 3 5 3
354 0 3 5 4
355 0 3 5 5
356 0 3 5 6
357 0 3 5 7
358 0 3 5 8
359 0 3 5 9
360 0 3 6 0
361 0 3 6 1
362 0 3 6 2
363 0 3 6 3
364 0 3 6 4
365 0 3 6 5
366 0 3 6 6
367 0 3 6 7
368 0 3 6 8
369 0 3 6 9
370 0 3 7 0
371 0 3 7 1
372 0 3 7 2
373 0 3 7 3
374 0 3 7 4
375 0 3 7 5
376 0 3 7 6
377 0 3 7 7
378 0 3 7 8
379 0 3 7 9
380 0 3 8 0
381 0 3 8 1
382 0 3 8 2
383 0 3 8 3
384 0 3 8 4
385 0 3 8 5
386 0 3 8 6
387 0 3 8 7
388 0 3 8 8
389 0 3 8 9
390 0 3 9 0
391 0 3 9 1
392 0 3 9 2
393 0 3 9 3
394 0 3 9 4
395 0 3 9 5
396 0 3 9 6
397 0 3 9 7
398 0 3 9 8
399 0 3 9 9
400 0 4 9 0
401 0 4 9 1
402 0 4 9 2
403 0 4 9 3
404 0 4 9 4
405 0 4 9 5
406 0 4 9 6
407 0 4 9 7
408 0 4 9 8
409 0 4 9 9
410 0 4 1 0
411 0 4 1 1
412 0 4 1 2
413 0 4 1 3
414 0 4 1 4
415 0 4 1 5
416 0 4 1 6
417 0 4 1 7
418 0 4 1 8
419 0 4 1 9
420 0 4 2 0
421 0 4 2 1
422 0 4 2 2
423 0 4 2 3
424 0 4 2 4
425 0 4 2 5
426 0 4 2 6
427 0 4 2 7
428 0 4 2 8
429 0 4 2 9
430 0 4 3 0
431 0 4 3 1
432 0 4 3 2
433 0 4 3 3
434 0 4 3 4
435 0 4 3 5
436 0 4 3 6
437 0 4 3 7
438 0 4 3 8
439 0 4 3 9
440 0 4 4 0
441 0 4 4 1
442 0 4 4 2
443 0 4 4 3
444 0 4 4 4
445 0 4 4 5
446 0 4 4 6
447 0 4 4 7
448 0 4 4 8
449 0 4 4 9
450 0 4 5 0
451 0 4 5 1
452 0 4 5 2
453 0 4 5 3
454 0 4 5 4
455 0 4 5 5
456 0 4 5 6
457 0 4 5 7
458 0 4 5 8
459 0 4 5 9
460 0 4 6 0
461 0 4 6 1
462 0 4 6 2
463 0 4 6 3
464 0 4 6 4
465 0 4 6 5
466 0 4 6 6
467 0 4 6 7
468 0 4 6 8
469 0 4 6 9
470 0 4 7 0
471 0 4 7 1
472 0 4 7 2
473 0 4 7 3
474 0 4 7 4
475 0 4 7 5
476 0 4 7 6
477 0 4 7 7
478 0 4 7 8
479 0 4 7 9
480 0 4 8 0
481 0 4 8 1
482 0 4 8 2
483 0 4 8 3
484 0 4 8 4
485 0 4 8 5
486 0 4 8 6
487 0 4 8 7
488 0 4 8 8
489 0 4 8 9
490 0 4 9 0
491 0 4 9 1
492 0 4 9 2
493 0 4 9 3
494 0 4 9 4
495 0 4 9 5
496 0 4 9 6
497 0 4 9 7
498 0 4 9 8
499 0 4 9 9
500 0 5 9 0
501 0 5 9 1
502 0 5 9 2
503 0 5 9 3
504 0 5 9 4
505 0 5 9 5
506 0 5 9 6
507 0 5 9 7
508 0 5 9 8
509 0 5 9 9
510 0 5 1 0
511 0 5 1 1
512 0 5 1 2
513 0 5 1 3
514 0 5 1 4
515 0 5 1 5
516 0 5 1 6
517 0 5 1 7
518 0 5 1 8
519 0 5 1 9
520 0 5 2 0
521 0 5 2 1
522 0 5 2 2
523 0 5 2 3
524 0 5 2 4
525 0 5 2 5
526 0 5 2 6
527 0 5 2 7
528 0 5 2 8
529 0 5 2 9
530 0 5 3 0
531 0 5 3 1
532 0 5 3 2
533 0 5 3 3
534 0 5 3 4
535 0 5 3 5
536 0 5 3 6
537 0 5 3 7
538 0 5 3 8
539 0 5 3 9
540 0 5 4 0
541 0 5 4 1
542 0 5 4 2
543 0 5 4 3
544 0 5 4 4
545 0 5 4 5
546 0 5 4 6
547 0 5 4 7
548 0 5 4 8
549 0 5 4 9
550 0 5 5 0
551 0 5 5 1
552 0 5 5 2
553 0 5 5 3
554 0 5 5 4
555 0 5 5 5
556 0 5 5 6
557 0 5 5 7
558 0 5 5 8
559 0 5 5 9
560 0 5 6 0
561 0 5 6 1
562 0 5 6 2
563 0 5 6 3
564 0 5 6 4
565 0 5 6 5
566 0 5 6 6
567 0 5 6 7
568 0 5 6 8
569 0 5 6 9
570 0 5 7 0
571 0 5 7 1
572 0 5 7 2
573 0 5 7 3
574 0 5 7 4
575 0 5 7 5
576 0 5 7 6
577 0 5 7 7
578 0 5 7 8
579 0 5 7 9
580 0 5 8 0
581 0 5 8 1
582 0 5 8 2
583 0 5 8 3
584 0 5 8 4
585 0 5 8 5
586 0 5 8 6
587 0 5 8 7
588 0 5 8 8
589 0 5 8 9
590 0 5 9 0
591 0 5 9 1
592 0 5 9 2
593 0 5 9 3
594 0 5 9 4
595 0 5 9 5
596 0 5 9 6
597 0 5 9 7
598 0 5 9 8
599 0 5 9 9
600 0 6 9 0
601 0 6 9 1
602 0 6 9 2
603 0 6 9 3
604 0 6 9 4
605 0 6 9 5
606 0 6 9 6
607 0 6 9 7
608 0 6 9 8
609 0 6 9 9
610 0 6 1 0
611 0 6 1 1
612 0 6 1 2
613 0 6 1 3
614 0 6 1 4
615 0 6 1 5
616 0 6 1 6
617 0 6 1 7
618 0 6 1 8
619 0 6 1 9
620 0 6 2 0
621 0 6 2 1
622 0 6 2 2
623 0 6 2 3
624 0 6 2 4
625 0 6 2 5
626 0 6 2 6
627 0 6 2 7
628 0 6 2 8
629 0 6 2 9
630 0 6 3 0
631 0 6 3 1
632 0 6 3 2
633 0 6 3 3
634 0 6 3 4
635 0 6 3 5
636 0 6 3 6
637 0 6 3 7
638 0 6 3 8
639 0 6 3 9
640 0 6 4 0
641 0 6 4 1
642 0 6 4 2
643 0 6 4 3
644 0 6 4 4
645 0 6 4 5
646 0 6 4 6
647 0 6 4 7
648 0 6 4 8
649 0 6 4 9
650 0 6 5 0
651 0 6 5 1
652 0 6 5 2
653 0 6 5 3
654 0 6 5 4
655 0 6 5 5
656 0 6 5 6
657 0 6 5 7
658 0 6 5 8
659 0 6 5 9
660 0 6 6 0
661 0 6 6 1
662 0 6 6 2
663 0 6 6 3
664 0 6 6 4
665 0 6 6 5
666 0 6 6 6
667 0 6 6 7
668 0 6 6 8
669 0 6 6 9
670 0 6 7 0
671 0 6 7 1
672 0 6 7 2
673 0 6 7 3
674 0 6 7 4
675 0 6 7 5
676 0 6 7 6
677 0 6 7 7
678 0 6 7 8
679 0 6 7 9
680 0 6 8 0
681 0 6 8 1
682 0 6 8 2
683 0 6 8 3
684 0 6 8 4
685 0 6 8 5
686 0 6 8 6
687 0 6 8 7
688 0 6 8 8
689 0 6 8 9
690 0 6 9 0
691 0 6 9 1
692 0 6 9 2
693 0 6 9 3
694 0 6 9 4
695 0 6 9 5
696 0 6 9 6
697 0 6 9 7
698 0 6 9 8
699 0 6 9 9
700 0 7 9 0
701 0 7 9 1
702 0 7 9 2
703 0 7 9 3
704 0 7 9 4
705 0 7 9 5
706 0 7 9 6
707 0 7 9 7
708 0 7 9 8
709 0 7 9 9
710 0 7 1 0
711 0 7 1 1
712 0 7 1 2
713 0 7 1 3
714 0 7 1 4
715 0 7 1 5
716 0 7 1 6
717 0 7 1 7
718 0 7 1 8
719 0 7 1 9
720 0 7 2 0
721 0 7 2 1
722 0 7 2 2
723 0 7 2 3
724 0 7 2 4
725 0 7 2 5
726 0 7 2 6
727 0 7 2 7
728 0 7 2 8
729 0 7 2 9
730 0 7 3 0
731 0 7 3 1
732 0 7 3 2
733 0 7 3 3
734 0 7 3 4
735 0 7 3 5
736 0 7 3 6
737 0 7 3 7
738 0 7 3 8
739 0 7 3 9
740 0 7 4 0
741 0 7 4 1
742 0 7 4 2
743 0 7 4 3
744 0 7 4 4
745 0 7 4 5
746 0 7 4 6
747 0 7 4 7
748 0 7 4 8
749 0 7 4 9
750 0 7 5 0
751 0 7 5 1
752 0 7 5 2
753 0 7 5 3
754 0 7 5 4
755 0 7 5 5
756 0 7 5 6
757 0 7 5 7
758 0 7 5 8
759 0 7 5 9
760 0 7 6 0
761 0 7 6 1
762 0 7 6 2
763 0 7 6 3
764 0 7 6 4
765 0 7 6 5
766 0 7 6 6
767 0 7 6 7
768 0 7 6 8
769 0 7 6 9
770 0 7 7 0
771 0 7 7 1
772 0 7 7 2
773 0 7 7 3
774 0 7 7 4
775 0 7 7 5
776 0 7 7 6
777 0 7 7 7
778 0 7 7 8
779 0 7 7 9
780 0 7 8 0
781 0 7 8 1
782 0 7 8 2
783 0 7 8 3
784 0 7 8 4
785 0 7 8 5
786 0 7 8 6
787 0 7 8 7
788 0 7 8 8
789 0 7 8 9
790 0 7 9 0
791 0 7 9 1
792 0 7 9 2
793 0 7 9 3
794 0 7 9 4
795 0 7 9 5
796 0 7 9 6
797 0 7 9 7
798 0 7 9 8
799 0 7 9 9
800 0 8 9 0
801 0 8 9 1
802 0 8 9 2
803 0 8 9 3
804 0 8 9 4
805 0 8 9 5
806 0 8 9 6
807 0 8 9 7
808 0 8 9 8
809 0 8 9 9
810 0 8 1 0
811 0 8 1 1
812 0 8 1 2
813 0 8 1 3
814 0 8 1 4
815 0 8 1 5
816 0 8 1 6
817 0 8 1 7
818 0 8 1 8
819 0 8 1 9
820 0 8 2 0
821 0 8 2 1
822 0 8 2 2
823 0 8 2 3
824 0 8 2 4
825 0 8 2 5
826 0 8 2 6
827 0 8 2 7
828 0 8 2 8
829 0 8 2 9
830 0 8 3 0
831 0 8 3 1
832 0 8 3 2
833 0 8 3 3
834 0 8 3 4
835 0 8 3 5
836 0 8 3 6
837 0 8 3 7
838 0 8 3 8
839 0 8 3 9
840 0 8 4 0
841 0 8 4 1
842 0 8 4 2
843 0 8 4 3
844 0 8 4 4
845 0 8 4 5
846 0 8 4 6
847 0 8 4 7
848 0 8 4 8
849 0 8 4 9
850 0 8 5 0
851 0 8 5 1
852 0 8 5 2
853 0 8 5 3
854 0 8 5 4
855 0 8 5 5
856 0 8 5 6
857 0 8 5 7
858 0 8 5 8
859 0 8 5 9
860 0 8 6 0
861 0 8 6 1
862 0 8 6 2
863 0 8 6 3
864 0 8 6 4
865 0 8 6 5
866 0 8 6 6
867 0 8 6 7
868 0 8 6 8
869 0 8 6 9
870 0 8 7 0
871 0 8 7 1
872 0 8 7 2
873 0 8 7 3
874 0 8 7 4
875 0 8 7 5
876 0 8 7 6
877 0 8 7 7
878 0 8 7 8
879 0 8 7 9
880 0 8 8 0
881 0 8 8 1
882 0 8 8 2
883 0 8 8 3
884 0 8 8 4
885 0 8 8 5
886 0 8 8 6
887 0 8 8 7
888 0 8 8 8
889 0 8 8 9
890 0 8 9 0
891 0 8 9 1
892 0 8 9 2
893 0 8 9 3
894 0 8 9 4
895 0 8 9 5
896 0 8 9 6
897 0 8 9 7
898 0 8 9 8
899 0 8 9 9
900 0 9 9 0
901 0 9 9 1
902 0 9 9 2
903 0 9 9 3
904 0 9 9 4
905 0 9 9 5
906 0 9 9 6
907 0 9 9 7
908 0 9 9 8
909 0 9 9 9
910 0 9 1 0
911 0 9 1 1
912 0 9 1 2
913 0 9 1 3
914 0 9 1 4
915 0 9 1 5
916 0 9 1 6
917 0 9 1 7
918 0 9 1 8
919 0 9 1 9
920 0 9 2 0
921 0 9 2 1
922 0 9 2 2
923 0 9 2 3
924 0 9 2 4
925 0 9 2 5
926 0 9 2 6
927 0 9 2 7
928 0 9 2 8
929 0 9 2 9
930 0 9 3 0
931 0 9 3 1
932 0 9 3 2
933 0 9 3 3
934 0 9 3 4
935 0 9 3 5
936 0 9 3 6
937 0 9 3 7
938 0 9 3 8
939 0 9 3 9
940 0 9 4 0
941 0 9 4 1
942 0 9 4 2
943 0 9 4 3
944 0 9 4 4
945 0 9 4 5
946 0 9 4 6
947 0 9 4 7
948 0 9 4 8
949 0 9 4 9
950 0 9 5 0
951 0 9 5 1
952 0 9 5 2
953 0 9 5 3
954 0 9 5 4
955 0 9 5 5
956 0 9 5 6
957 0 9 5 7
958 0 9 5 8
959 0 9 5 9
960 0 9 6 0
961 0 9 6 1
962 0 9 6 2
963 0 9 6 3
964 0 9 6 4
965 0 9 6 5
966 0 9 6 6
967 0 9 6 7
968 0 9 6 8
969 0 9 6 9
970 0 9 7 0
971 0 9 7 1
972 0 9 7 2
973 0 9 7 3
974 0 9 7 4
975 0 9 7 5
976 0 9 7 6
977 0 9 7 7
978 0 9 7 8
979 0 9 7 9
980 0 9 8 0
981 0 9 8 1
982 0 9 8 2
983 0 9 8 3
984 0 9 8 4
985 0 9 8 5
986 0 9 8 6
987 0 9 8 7
988 0 9 8 8
989 0 9 8 9
990 0 9 9 0
991 0 9 9 1
992 0 9 9 2
993 0 9 9 3
994 0 9 9 4
995 0 9 9 5
996 0 9 9 6
997 0 9 9 7
998 0 9 9 8
999 0 9 9 9
1000 1 9 9 0
1001 1 9 9 1
1002 1 9 9 2
1003 1 9 9 3
1004 1 9 9 4
1005 1 9 9 5
1006 1 9 9 6
1007 1 9 9 7
1008 1 9 9 8
1009 1 9 9 9
1010 1 9 1 0
1011 1 9 1 1
1012 1 9 1 2
1013 1 9 1 3
1014 1 9 1 4
1015 1 9 1 5
1016 1 9 1 6
1017 1 9 1 7
1018 1 9 1 8
1019 1 9 1 9
1020 1 9 2 0
1021 1 9 2 1
1022 1 9 2 2
1023 1 9 2 3
1024 1 9 2 4
1025 1 9 2 5
1026 1 9 2 6
1027 1 9 2 7
1028 1 9 2 8
1029 1 9 2 9
1030 1 9 3 0
1031 1 9 3 1
1032 1 9 3 2
1033 1 9 3 3
1034 1 9 3 4
1035 1 9 3 5
1036 1 9 3 6
1037 1 9 3 7
1038 1 9 3 8
1039 1 9 3 9
1040 1 9 4 0
1041 1 9 4 1
1042 1 9 4 2
1043 1 9 4 3
1044 1 9 4 4
1045 1 9 4 5
1046 1 9 4 6
1047 1 9 4 7
1048 1 9 4 8
1049 1 9 4 9
1050 1 9 5 0
1051 1 9 5 1
1052 1 9 5 2
1053 1 9 5 3
1054 1 9 5 4
1055 1 9 5 5
1056 1 9 5 6
1057 1 9 5 7
1058 1 9 5 8
1059 1 9 5 9
1060 1 9 6 0
1061 1 9 6 1
1062 1 9 6 2
1063 1 9 6 3
1064 1 9 6 4
1065 1 9 6 5
1066 1 9 6 6
1067 1 9 6 7
1068 1 9 6 8
1069 1 9 6 9
1070 1 9 7 0
1071 1 9 7 1
1072 1 9 7 2
1073 1 9 7 3
1074 1 9 7 4
1075 1 9 7 5
1076 1 9 7 6
1077 1 9 7 7
1078 1 9 7 8
1079 1 9 7 9
1080 1 9 8 0
1081 1 9 8 1
1082 1 9 8 2
1083 1 9 8 3
1084 1 9 8 4
1085 1 9 8 5
1086 1 9 8 6
1087 1 9 8 7
1088 1 9 8 8
1089 1 9 8 9
1090 1 9 9 0
1091 1 9 9 1
1092 1 9 9 2
1093 1 9 9 3
1094 1 9 9 4
1095 1 9 9 5
1096 1 9 9 6
1097 1 9 9 7
1098 1 9 9 8
1099 1 9 9 9
1100 1 1 9 0
1101 1 1 9 1
1102 1 1 9 2
1103 1 1 9 3
1104 1 1 9 4
1105 1 1 9 5
1106 1 1 9 6
1107 1 1 9 7
1108 1 1 9 8
1109 1 1 9 9
1110 1 1 1 0
1111 1 1 1 1
1112 1 1 1 2
1113 1 1 1 3
1114 1 1 1 4
1115 1 1 1 5
1116 1 1 1 6
1117 1 1 1 7
1118 1 1 1 8
1119 1 1 1 9
1120 1 1 2 0
1121 1 1 2 1
1122 1 1 2 2
1123 1 1 2 3
1124 1 1 2 4
1125 1 1 2 5
1126 1 1 2 6
1127 1 1 2 7
1128 1 1 2 8
1129 1 1 2 9
1130 1 1 3 0
1131 1 1 3 1
1132 1 1 3 2
1133 1 1 3 3
1134 1 1 3 4
1135 1 1 3 5
1136 1 1 3 6
1137 1 1 3 7
1138 1 1 3 8
1139 1 1 3 9
1140 1 1 4 0
1141 1 1 4 1
1142 1 1 4 2
1143 1 1 4 3
1144 1 1 4 4
1145 1 1 4 5
1146 1 1 4 6
1147 1 1 4 7
1148 1 1 4 8
1149 1 1 4 9
1150 1 1 5 0
1151 1 1 5 1
1152 1 1 5 2
1153 1 1 5 3
1154 1 1 5 4
1155 1 1 5 5
1156 1 1 5 6
1157 1 1 5 7
1158 1 1 5 8
1159 1 1 5 9
1160 1 1 6 0
1161 1 1 6 1
1162 1 1 6 2
1163 1 1 6 3
1164 1 1 6 4
1165 1 1 6 5
1166 1 1 6 6
1167 1 1 6 7
1168 1 1 6 8
1169 1 1 6 9
1170 1 1 7 0
1171 1 1 7 1
1172 1 1 7 2
1173 1 1 7 3
1174 1 1 7 4
1175 1 1 7 5
1176 1 1 7 6
1177 1 1 7 7
1178 1 1 7 8
1179 1 1 7 9
1180 1 1 8 0
1181 1 1 8 1
1182 1 1 8 2
1183 1 1 8 3
1184 1 1 8 4
1185 1 1 8 5
1186 1 1 8 6
1187 1 1 8 7
1188 1 1 8 8
1189 1 1 8 9
1190 1 1 9 0
1191 1 1 9 1
1192 1 1 9 2
1193 1 1 9 3
1194 1 1 9 4
1195 1 1 9 5
1196 1 1 9 6
1197 1 1 9 7
1198 1 1 9 8
1199 1 1 9 9
1200 1 2 9 0
1201 1 2 9 1
1202 1 2 9 2
1203 1 2 9 3
1204 1 2 9 4
1205 1 2 9 5
1206 1 2 9 6
1207 1 2 9 7
1208 1 2 9 8
1209 1 2 9 9
1210 1 2 1 0
1211 1 2 1 1
1212 1 2 1 2
1213 1 2 1 3
1214 1 2 1 4
1215 1 2 1 5
1216 1 2 1 6
1217 1 2 1 7
1218 1 2 1 8
1219 1 2 1 9
1220 1 2 2 0
1221 1 2 2 1
1222 1 2 2 2
1223 1 2 2 3
1224 1 2 2 4
1225 1 2 2 5
1226 1 2 2 6
1227 1 2 2 7
1228 1 2 2 8
1229 1 2 2 9
1230 1 2 3 0
1231 1 2 3 1
1232 1 2 3 2
1233 1 2 3 3
1234 1 2 3 4
1235 1 2 3 5
1236 1 2 3 6
1237 1 2 3 7
1238 1 2 3 8
1239 1 2 3 9
1240 1 2 4 0
1241 1 2 4 1
1242 1 2 4 2
1243 1 2 4 3
1244 1 2 4 4
1245 1 2 4 5
1246 1 2 4 6
1247 1 2 4 7
1248 1 2 4 8
1249 1 2 4 9
1250 1 2 5 0
1251 1 2 5 1
1252 1 2 5 2
1253 1 2 5 3
1254 1 2 5 4
1255 1 2 5 5
1256 1 2 5 6
1257 1 2 5 7
1258 1 2 5 8
1259 1 2 5 9
1260 1 2 6 0
1261 1 2 6 1
1262 1 2 6 2
1263 1 2 6 3
1264 1 2 6 4
1265 1 2 6 5
1266 1 2 6 6
1267 1 2 6 7
1268 1 2 6 8
1269 1 2 6 9
1270 1 2 7 0
1271 1 2 7 1
1272 1 2 7 2
1273 1 2 7 3
1274 1 2 7 4
1275 1 2 7 5
1276 1 2 7 6
1277 1 2 7 7
1278 1 2 7 8
1279 1 2 7 9
1280 1 2 8 0
1281 1 2 8 1
1282 1 2 8 2
1283 1 2 8 3
1284 1 2 8 4
1285 1 2 8 5
1286 1 2 8 6
1287 1 2 8 7
1288 1 2 8 8
1289 1 2 8 9
1290 1 2 9 0
1291 1 2 9 1
1292 1 2 9 2
1293 1 2 9 3
1294 1 2 9 4
1295 1 2 9 5
1296 1 2 9 6
1297 1 2 9 7
1298 1 2 9 8
1299 1 2 9 9
1300 1 3 9 0
1301 1 3 9 1
1302 1 3 9 2
1303 1 3 9 3
1304 1 3 9 4
1305 1 3 9 5
1306 1 3 9 6
1307 1 3 9 7
1308 1 3 9 8
1309 1 3 9 9
1310 1 3 1 0
1311 1 3 1 1
1312 1 3 1 2
1313 1 3 1 3
1314 1 3 1 4
1315 1 3 1 5
1316 1 3 1 6
1317 1 3 1 7
1318 1 3 1 8
1319 1 3 1 9
1320 1 3 2 0
1321 1 3 2 1
1322 1 3 2 2
1323 1 3 2 3
1324 1 3 2 4
1325 1 3 2 5
1326 1 3 2 6
1327 1 3 2 7
1328 1 3 2 8
1329 1 3 2 9
1330 1 3 3 0
1331 1 3 3 1
1332 1 3 3 2
1333 1 3 3 3
1334 1 3 3 4
1335 1 3 3 5
1336 1 3 3 6
1337 1 3 3 7
1338 1 3 3 8
1339 1 3 3 9
1340 1 3 4 0
1341 1 3 4 1
1342 1 3 4 2
1343 1 3 4 3
1344 1 3 4 4
1345 1 3 4 5
1346 1 3 4 6
1347 1 3 4 7
1348 1 3 4 8
1349 1 3 4 9
1350 1 3 5 0
1351 1 3 5 1
1352 1 3 5 2
1353 1 3 5 3
1354 1 3 5 4
1355 1 3 5 5
1356 1 3 5 6
1357 1 3 5 7
1358 1 3 5 8
1359 1 3 5 9
1360 1 3 6 0
1361 1 3 6 1
1362 1 3 6 2
1363 1 3 6 3
1364 1 3 6 4
1365 1 3 6 5
1366 1 3 6 6
1367 1 3 6 7
1368 1 3 6 8
1369 1 3 6 9
1370 1 3 7 0
1371 1 3 7 1
1372 1 3 7 2
1373 1 3 7 3
1374 1 3 7 4
1375 1 3 7 5
1376 1 3 7 6
1377 1 3 7 7
1378 1 3 7 8
1379 1 3 7 9
1380 1 3 8 0
1381 1 3 8 1
1382 1 3 8 2
1383 1 3 8 3
1384 1 3 8 4
1385 1 3 8 5
1386 1 3 8 6
1387 1 3 8 7
1388 1 3 8 8
1389 1 3 8 9
1390 1 3 9 0
1391 1 3 9 1
1392 1 3 9 2
1393 1 3 9 3
1394 1 3 9 4
1395 1 3 9 5
1396 1 3 9 6
1397 1 3 9 7
1398 1 3 9 8
1399 1 3 9 9
1400 1 4 9 0
1401 1 4 9 1
1402 1 4 9 2
1403 1 4 9 3
1404 1 4 9 4
1405 1 4 9 5
1406 1 4 9 6
1407 1 4 9 7
1408 1 4 9 8
1409 1 4 9 9
1410 1 4 1 0
1411 1 4 1 1
1412 1 4 1 2
1413 1 4 1 3
1414 1 4 1 4
1415 1 4 1 5
1416 1 4 1 6
1417 1 4 1 7
1418 1 4 1 8
1419 1 4 1 9
1420 1 4 2 0
1421 1 4 2 1
1422 1 4 2 2
1423 1 4 2 3
1424 1 4 2 4
1425 1 4 2 5
1426 1 4 2 6
1427 1 4 2 7
1428 1 4 2 8
1429 1 4 2 9
1430 1 4 3 0
1431 1 4 3 1
1432 1 4 3 2
1433 1 4 3 3
1434 1 4 3 4
1435 1 4 3 5
1436 1 4 3 6
1437 1 4 3 7
1438 1 4 3 8
1439 1 4 3 9
1440 1 4 4 0
1441 1 4 4 1
1442 1 4 4 2
1443 1 4 4 3
1444 1 4 4 4
1445 1 4 4 5
1446 1 4 4 6
1447 1 4 4 7
1448 1 4 4 8
1449 1 4 4 9
1450 1 4 5 0
1451 1 4 5 1
1452 1 4 5 2
1453 1 4 5 3
1454 1 4 5 4
1455 1 4 5 5
1456 1 4 5 6
1457 1 4 5 7
1458 1 4 5 8
1459 1 4 5 9
1460 1 4 6 0
1461 1 4 6 1
1462 1 4 6 2
1463 1 4 6 3
1464 1 4 6 4
1465 1 4 6 5
1466 1 4 6 6
1467 1 4 6 7
1468 1 4 6 8
1469 1 4 6 9
1470 1 4 7 0
1471 1 4 7 1
1472 1 4 7 2
1473 1 4 7 3
1474 1 4 7 4
1475 1 4 7 5
1476 1 4 7 6
1477 1 4 7 7
1478 1 4 7 8
1479 1 4 7 9
1480 1 4 8 0
1481 1 4 8 1
1482 1 4 8 2
1483 1 4 8 3
1484 1 4 8 4
1485 1 4 8 5
1486 1 4 8 6
1487 1 4 8 7
1488 1 4 8 8
1489 1 4 8 9
1490 1 4 9 0
1491 1 4 9 1
1492 1 4 9 2
1493 1 4 9 3
1494 1 4 9 4
1495 1 4 9 5
1496 1 4 9 6
1497 1 4 9 7
1498 1 4 9 8
1499 1 4 9 9
1500 1 5 9 0
1501 1 5 9 1
1502 1 5 9 2
1503 1 5 9 3
1504 1 5 9 4
1505 1 5 9 5
1506 1 5 9 6
1507 1 5 9 7
1508 1 5 9 8
1509 1 5 9 9
1510 1 5 1 0
1511 1 5 1 1
1512 1 5 1 2
1513 1 5 1 3
1514 1 5 1 4
1515 1 5 1 5
1516 1 5 1 6
1517 1 5 1 7
1518 1 5 1 8
1519 1 5 1 9
1520 1 5 2 0
1521 1 5 2 1
1522 1 5 2 2
1523 1 5 2 3
1524 1 5 2 4
1525 1 5 2 5
1526 1 5 2 6
1527 1 5 2 7
1528 1 5 2 8
1529 1 5 2 9
1530 1 5 3 0
1531 1 5 3 1
1532 1 5 3 2
1533 1 5 3 3
1534 1 5 3 4
1535 1 5 3 5
1536 1 5 3 6
1537 1 5 3 7
1538 1 5 3 8
1539 1 5 3 9
1540 1 5 4 0
1541 1 5 4 1
1542 1 5 4 2
1543 1 5 4 3
1544 1 5 4 4
1545 1 5 4 5
1546 1 5 4 6
1547 1 5 4 7
1548 1 5 4 8
1549 1 5 4 9
1550 1 5 5 0
1551 1 5 5 1
1552 1 5 5 2
1553 1 5 5 3
1554 1 5 5 4
1555 1 5 5 5
1556 1 5 5 6
1557 1 5 5 7
1558 1 5 5 8
1559 1 5 5 9
1560 1 5 6 0
1561 1 5 6 1
1562 1 5 6 2
1563 1 5 6 3
1564 1 5 6 4
1565 1 5 6 5
1566 1 5 6 6
1567 1 5 6 7
1568 1 5 6 8
1569 1 5 6 9
1570 1 5 7 0
1571 1 5 7 1
1572 1 5 7 2
1573 1 5 7 3
1574 1 5 7 4
1575 1 5 7 5
1576 1 5 7 6
1577 1 5 7 7
1578 1 5 7 8
1579 1 5 7 9
1580 1 5 8 0
1581 1 5 8 1
1582 1 5 8 2
1583 1 5 8 3
1584 1 5 8 4
1585 1 5 8 5
1586 1 5 8 6
1587 1 5 8 7
1588 1 5 8 8
1589 1 5 8 9
1590 1 5 9 0
1591 1 5 9 1
1592 1 5 9 2
1593 1 5 9 3
1594 1 5 9 4
1595 1 5 9 5
1596 1 5 9 6
1597 1 5 9 7
1598 1 5 9 8
1599 1 5 9 9
1600 1 6 9 0
1601 1 6 9 1
1602 1 6 9 2
1603 1 6 9 3
1604 1 6 9 4
1605 1 6 9 5
1606 1 6 9 6
1607 1 6 9 7
1608 1 6 9 8
1609 1 6 9 9
1610 1 6 1 0
1611 1 6 1 1
1612 1 6 1 2
1613 1 6 1 3
1614 1 6 1 4
1615 1 6 1 5
1616 1 6 1 6
1617 1 6 1 7
1618 1 6 1 8
1619 1 6 1 9
1620 1 6 2 0
1621 1 6 2 1
1622 1 6 2 2
1623 1 6 2 3
1624 1 6 2 4
1625 1 6 2 5
1626 1 6 2 6
1627 1 6 2 7
1628 1 6 2 8
1629 1 6 2 9
1630 1 6 3 0
1631 1 6 3 1
1632 1 6 3 2
1633 1 6 3 3
1634 1 6 3 4
1635 1 6 3 5
1636 1 6 3 6
1637 1 6 3 7
1638 1 6 3 8
1639 1 6 3 9
1640 1 6 4 0
1641 1 6 4 1
1642 1 6 4 2
1643 1 6 4 3
1644 1 6 4 4
1645 1 6 4 5
1646 1 6 4 6
1647 1 6 4 7
1648 1 6 4 8
1649 1 6 4 9
1650 1 6 5 0
1651 1 6 5 1
1652 1 6 5 2
1653 1 6 5 3
1654 1 6 5 4
1655 1 6 5 5
1656 1 6 5 6
1657 1 6 5 7
1658 1 6 5 8
1659 1 6 5 9
1660 1 6 6 0
1661 1 6 6 1
1662 1 6 6 2
1663 1 6 6 3
1664 1 6 6 4
1665 1 6 6 5
1666 1 6 6 6
1667 1 6 6 7
1668 1 6 6 8
1669 1 6 6 9
1670 1 6 7 0
1671 1 6 7 1
1672 1 6 7 2
1673 1 6 7 3
1674 1 6 7 4
1675 1 6 7 5
1676 1 6 7 6
1677 1 6 7 7
1678 1 6 7 8
1679 1 6 7 9
1680 1 6 8 0
1681 1 6 8 1
1682 1 6 8 2
1683 1 6 8 3
1684 1 6 8 4
1685 1 6 8 5
1686 1 6 8 6
1687 1 6 8 7
1688 1 6 8 8
1689 1 6 8 9
1690 1 6 9 0
1691 1 6 9 1
1692 1 6 9 2
1693 1 6 9 3
1694 1 6 9 4
1695 1 6 9 5
1696 1 6 9 6
1697 1 6 9 7
1698 1 6 9 8
1699 1 6 9 9
1700 1 7 9 0
1701 1 7 9 1
1702 1 7 9 2
1703 1 7 9 3
1704 1 7 9 4
1705 1 7 9 5
1706 1 7 9 6
1707 1 7 9 7
1708 1 7 9 8
1709 1 7 9 9
1710 1 7 1 0
1711 1 7 1 1
1712 1 7 1 2
1713 1 7 1 3
1714 1 7 1 4
1715 1 7 1 5
1716 1 7 1 6
1717 1 7 1 7
1718 1 7 1 8
1719 1 7 1 9
1720 1 7 2 0
1721 1 7 2 1
1722 1 7 2 2
1723 1 7 2 3
1724 1 7 2 4
1725 1 7 2 5
1726 1 7 2 6
1727 1 7 2 7
1728 1 7 2 8
1729 1 7 2 9
1730 1 7 3 0
1731 1 7 3 1
1732 1 7 3 2
1733 1 7 3 3
1734 1 7 3 4
1735 1 7 3 5
1736 1 7 3 6
1737 1 7 3 7
1738 1 7 3 8
1739 1 7 3 9
1740 1 7 4 0
1741 1 7 4 1
1742 1 7 4 2
1743 1 7 4 3
1744 1 7 4 4
1745 1 7 4 5
1746 1 7 4 6
1747 1 7 4 7
1748 1 7 4 8
1749 1 7 4 9
1750 1 7 5 0
1751 1 7 5 1
1752 1 7 5 2
1753 1 7 5 3
1754 1 7 5 4
1755 1 7 5 5
1756 1 7 5 6
1757 1 7 5 7
1758 1 7 5 8
1759 1 7 5 9
1760 1 7 6 0
1761 1 7 6 1
1762 1 7 6 2
1763 1 7 6 3
1764 1 7 6 4
1765 1 7 6 5
1766 1 7 6 6
1767 1 7 6 7
1768 1 7 6 8
1769 1 7 6 9
1770 1 7 7 0
1771 1 7 7 1
1772 1 7 7 2
1773 1 7 7 3
1774 1 7 7 4
1775 1 7 7 5
1776 1 7 7 6
1777 1 7 7 7
1778 1 7 7 8
1779 1 7 7 9
1780 1 7 8 0
1781 1 7 8 1
1782 1 7 8 2
1783 1 7 8 3
1784 1 7 8 4
1785 1 7 8 5
1786 1 7 8 6
1787 1 7 8 7
1788 1 7 8 8
1789 1 7 8 9
1790 1 7 9 0
1791 1 7 9 1
1792 1 7 9 2
1793 1 7 9 3
1794 1 7 9 4
1795 1 7 9 5
1796 1 7 9 6
1797 1 7 9 7
1798 1 7 9 8
1799 1 7 9 9
1800 1 8 9 0
1801 1 8 9 1
1802 1 8 9 2
1803 1 8 9 3
1804 1 8 9 4
1805 1 8 9 5
1806 1 8 9 6
1807 1 8 9 7
1808 1 8 9 8
1809 1 8 9 9
1810 1 8 1 0
1811 1 8 1 1
1812 1 8 1 2
1813 1 8 1 3
1814 1 8 1 4
1815 1 8 1 5
1816 1 8 1 6
1817 1 8 1 7
1818 1 8 1 8
1819 1 8 1 9
1820 1 8 2 0
1821 1 8 2 1
1822 1 8 2 2
1823 1 8 2 3
1824 1 8 2 4
1825 1 8 2 5
1826 1 8 2 6
1827 1 8 2 7
1828 1 8 2 8
1829 1 8 2 9
1830 1 8 3 0
1831 1 8 3 1
1832 1 8 3 2
1833 1 8 3 3
1834 1 8 3 4
1835 1 8 3 5
1836 1 8 3 6
1837 1 8 3 7
1838 1 8 3 8
1839 1 8 3 9
1840 1 8 4 0
1841 1 8 4 1
1842 1 8 4 2
1843 1 8 4 3
1844 1 8 4 4
1845 1 8 4 5
1846 1 8 4 6
1847 1 8 4 7
1848 1 8 4 8
1849 1 8 4 9
1850 1 8 5 0
1851 1 8 5 1
1852 1 8 5 2
1853 1 8 5 3
1854 1 8 5 4
1855 1 8 5 5
1856 1 8 5 6
1857 1 8 5 7
1858 1 8 5 8
1859 1 8 5 9
1860 1 8 6 0
1861 1 8 6 1
1862 1 8 6 2
1863 1 8 6 3
1864 1 8 6 4
1865 1 8 6 5
1866 1 8 6 6
1867 1 8 6 7
1868 1 8 6 8
1869 1 8 6 9
1870 1 8 7 0
1871 1 8 7 1
1872 1 8 7 2
1873 1 8 7 3
1874 1 8 7 4
1875 1 8 7 5
1876 1 8 7 6
1877 1 8 7 7
1878 1 8 7 8
1879 1 8 7 9
1880 1 8 8 0
1881 1 8 8 1
1882 1 8 8 2
1883 1 8 8 3
1884 1 8 8 4
1885 1 8 8 5
1886 1 8 8 6
1887 1 8 8 7
1888 1 8 8 8
1889 1 8 8 9
1890 1 8 9 0
1891 1 8 9 1
1892 1 8 9 2
1893 1 8 9 3
1894 1 8 9 4
1895 1 8 9 5
1896 1 8 9 6
1897 1 8 9 7
1898 1 8 9 8
1899 1 8 9 9
1900 1 9 9 0
1901 1 9 9 1
1902 1 9 9 2
1903 1 9 9 3
1904 1 9 9 4
1905 1 9 9 5
1906 1 9 9 6
1907 1 9 9 7
1908 1 9 9 8
1909 1 9 9 9
1910 1 9 1 0
1911 1 9 1 1
1912 1 9 1 2
1913 1 9 1 3
1914 1 9 1 4
1915 1 9 1 5
1916 1 9 1 6
1917 1 9 1 7
1918 1 9 1 8
1919 1 9 1 9
1920 1 9 2 0
1921 1 9 2 1
1922 1 9 2 2
1923 1 9 2 3
1924 1 9 2 4
1925 1 9 2 5
1926 1 9 2 6
1927 1 9 2 7
1928 1 9 2 8
1929 1 9 2 9
1930 1 9 3 0
1931 1 9 3 1
1932 1 9 3 2
1933 1 9 3 3
1934 1 9 3 4
1935 1 9 3 5
1936 1 9 3 6
1937 1 9 3 7
1938 1 9 3 8
1939 1 9 3 9
1940 1 9 4 0
1941 1 9 4 1
1942 1 9 4 2
1943 1 9 4 3
1944 1 9 4 4
1945 1 9 4 5
1946 1 9 4 6
1947 1 9 4 7
1948 1 9 4 8
1949 1 9 4 9
1950 1 9 5 0
1951 1 9 5 1
1952 1 9 5 2
1953 1 9 5 3
1954 1 9 5 4
1955 1 9 5 5
1956 1 9 5 6
1957 1 9 5 7
1958 1 9 5 8
1959 1 9 5 9
1960 1 9 6 0
1961 1 9 6 1
1962 1 9 6 2
1963 1 9 6 3
1964 1 9 6 4
1965 1 9 6 5
1966 1 9 6 6
1967 1 9 6 7
1968 1 9 6 8
1969 1 9 6 9
1970 1 9 7 0
1971 1 9 7 1
1972 1 9 7 2
1973 1 9 7 3
1974 1 9 7 4
1975 1 9 7 5
1976 1 9 7 6
1977 1 9 7 7
1978 1 9 7 8
1979 1 9 7 9
1980 1 9 8 0
1981 1 9 8 1
1982 1 9 8 2
1983 1 9 8 3
1984 1 9 8 4
1985 1 9 8 5
1986 1 9 8 6
1987 1 9 8 7
1988 1 9 8 8
1989 1 9 8 9
1990 1 9 9 0
1991 1 9 9 1
1992 1 9 9 2
1993 1 9 9 3
1994 1 9 9 4
1995 1 9 9 5
1996 1 9 9 6
1997 1 9 9 7
1998 1 9 9 8
1999 1 9 9 9
2000 2 9 9 0
2001 2 9 9 1
2002 2 9 9 2
2003 2 9 9 3
2004 2 9 9 4
2005 2 9 9 5
2006 2 9 9 6
2007 2 9 9 7
2008 2 9 9 8
2009 2 9 9 9
2010 2 9 1 0
2011 2 9 1 1
2012 2 9 1 2
2013 2 9 1 3
2014 2 9 1 4
2015 2 9 1 5
2016 2 9 1 6
2017 2 9 1 7
2018 2 9 1 8
2019 2 9 1 9
2020 2 9 2 0
2021 2 9 2 1
2022 2 9 2 2
2023 2 9 2 3
2024 2 9 2 4
2025 2 9 2 5
2026 2 9 2 6
2027 2 9 2 7
2028 2 9 2 8
2029 2 9 2 9
2030 2 9 3 0
2031 2 9 3 1
2032 2 9 3 2
2033 2 9 3 3
2034 2 9 3 4
2035 2 9 3 5
2036 2 9 3 6
2037 2 9 3 7
2038 2 9 3 8
2039 2 9 3 9
2040 2 9 4 0
2041 2 9 4 1
2042 2 9 4 2
2043 2 9 4 3
2044 2 9 4 4
2045 2 9 4 5
2046 2 9 4 6
2047 2 9 4 7
2048 2 9 4 8
2049 2 9 4 9
2050 2 9 5 0
2051 2 9 5 1
2052 2 9 5 2
2053 2 9 5 3
2054 2 9 5 4
2055 2 9 5 5
2056 2 9 5 6
2057 2 9 5 7
2058 2 9 5 8
2059 2 9 5 9
2060 2 9 6 0
2061 2 9 6 1
2062 2 9 6 2
2063 2 9 6 3
2064 2 9 6 4
2065 2 9 6 5
2066 2 9 6 6
2067 2 9 6 7
2068 2 9 6 8
2069 2 9 6 9
2070 2 9 7 0
2071 2 9 7 1
2072 2 9 7 2
2073 2 9 7 3
2074 2 9 7 4
2075 2 9 7 5
2076 2 9 7 6
2077 2 9 7 7
2078 2 9 7 8
2079 2 9 7 9
2080 2 9 8 0
2081 2 9 8 1
2082 2 9 8 2
2083 2 9 8 3
2084 2 9 8 4
2085 2 9 8 5
2086 2 9 8 6
2087 2 9 8 7
2088 2 9 8 8
2089 2 9 8 9
2090 2 9 9 0
2091 2 9 9 1
2092 2 9 9 2
2093 2 9 9 3
2094 2 9 9 4
2095 2 9 9 5
2096 2 9 9 6
2097 2 9 9 7
2098 2 9 9 8
2099 2 9 9 9
2100 2 1 9 0
2101 2 1 9 1
2102 2 1 9 2
2103 2 1 9 3
2104 2 1 9 4
2105 2 1 9 5
2106 2 1 9 6
2107 2 1 9 7
2108 2 1 9 8
2109 2 1 9 9
2110 2 1 1 0
2111 2 1 1 1
2112 2 1 1 2
2113 2 1 1 3
2114 2 1 1 4
2115 2 1 1 5
2116 2 1 1 6
2117 2 1 1 7
2118 2 1 1 8
2119 2 1 1 9
2120 2 1 2 0
2121 2 1 2 1
2122 2 1 2 2
2123 2 1 2 3
2124 2 1 2 4
2125 2 1 2 5
2126 2 1 2 6
2127 2 1 2 7
2128 2 1 2 8
2129 2 1 2 9
2130 2 1 3 0
2131 2 1 3 1
2132 2 1 3 2
2133 2 1 3 3
2134 2 1 3 4
2135 2 1 3 5
2136 2 1 3 6
2137 2 1 3 7
2138 2 1 3 8
2139 2 1 3 9
2140 2 1 4 0
2141 2 1 4 1
2142 2 1 4 2
2143 2 1 4 3
2144 2 1 4 4
2145 2 1 4 5
2146 2 1 4 6
2147 2 1 4 7
2148 2 1 4 8
2149 2 1 4 9
2150 2 1 5 0
2151 2 1 5 1
2152 2 1 5 2
2153 2 1 5 3
2154 2 1 5 4
2155 2 1 5 5
2156 2 1 5 6
2157 2 1 5 7
2158 2 1 5 8
2159 2 1 5 9
2160 2 1 6 0
2161 2 1 6 1
2162 2 1 6 2
2163 2 1 6 3
2164 2 1 6 4
2165 2 1 6 5
2166 2 1 6 6
2167 2 1 6 7
2168 2 1 6 8
2169 2 1 6 9
2170 2 1 7 0
2171 2 1 7 1
2172 2 1 7 2
2173 2 1 7 3
2174 2 1 7 4
2175 2 1 7 5
2176 2 1 7 6
2177 2 1 7 7
2178 2 1 7 8
2179 2 1 7 9
2180 2 1 8 0
2181 2 1 8 1
2182 2 1 8 2
2183 2 1 8 3
2184 2 1 8 4
2185 2 1 8 5
2186 2 1 8 6
2187 2 1 8 7
2188 2 1 8 8
2189 2 1 8 9
2190 2 1 9 0
2191 2 1 9 1
2192 2 1 9 2
2193 2 1 9 3
2194 2 1 9 4
2195 2 1 9 5
2196 2 1 9 6
2197 2 1 9 7
2198 2 1 9 8
2199 2 1 9 9
2200 2 2 9 0
2201 2 2 9 1
2202 2 2 9 2
2203 2 2 9 3
2204 2 2 9 4
2205 2 2 9 5
2206 2 2 9 6
2207 2 2 9 7
2208 2 2 9 8
2209 2 2 9 9
2210 2 2 1 0
2211 2 2 1 1
2212 2 2 1 2
2213 2 2 1 3
2214 2 2 1 4
2215 2 2 1 5
2216 2 2 1 6
2217 2 2 1 7
2218 2 2 1 8
2219 2 2 1 9
2220 2 2 2 0
2221 2 2 2 1
2222 2 2 2 2
2223 2 2 2 3
2224 2 2 2 4
2225 2 2 2 5
2226 2 2 2 6
2227 2 2 2 7
2228 2 2 2 8
2229 2 2 2 9
2230 2 2 3 0
2231 2 2 3 1
2232 2 2 3 2
2233 2 2 3 3
2234 2 2 3 4
2235 2 2 3 5
2236 2 2 3 6
2237 2 2 3 7
2238 2 2 3 8
2239 2 2 3 9
2240 2 2 4 0
2241 2 2 4 1
2242 2 2 4 2
2243 2 2 4 3
2244 2 2 4 4
2245 2 2 4 5
2246 2 2 4 6
2247 2 2 4 7
2248 2 2 4 8
2249 2 2 4 9
2250 2 2 5 0
2251 2 2 5 1
2252 2 2 5 2
2253 2 2 5 3
2254 2 2 5 4
2255 2 2 5 5
2256 2 2 5 6
2257 2 2 5 7
2258 2 2 5 8
2259 2 2 5 9
2260 2 2 6 0
2261 2 2 6 1
2262 2 2 6 2
2263 2 2 6 3
2264 2 2 6 4
2265 2 2 6 5
2266 2 2 6 6
2267 2 2 6 7
2268 2 2 6 8
2269 2 2 6 9
2270 2 2 7 0
2271 2 2 7 1
2272 2 2 7 2
2273 2 2 7 3
2274 2 2 7 4
2275 2 2 7 5
2276 2 2 7 6
2277 2 2 7 7
2278 2 2 7 8
2279 2 2 7 9
2280 2 2 8 0
2281 2 2 8 1
2282 2 2 8 2
2283 2 2 8 3
2284 2 2 8 4
2285 2 2 8 5
2286 2 2 8 6
2287 2 2 8 7
2288 2 2 8 8
2289 2 2 8 9
2290 2 2 9 0
2291 2 2 9 1
2292 2 2 9 2
2293 2 2 9 3
2294 2 2 9 4
2295 2 2 9 5
2296 2 2 9 6
2297 2 2 9 7
2298 2 2 9 8
2299 2 2 9 9
2300 2 3 9 0
2301 2 3 9 1
2302 2 3 9 2
2303 2 3 9 3
2304 2 3 9 4
2305 2 3 9 5
2306 2 3 9 6
2307 2 3 9 7
2308 2 3 9 8
2309 2 3 9 9
2310 2 3 1 0
2311 2 3 1 1
2312 2 3 1 2
2313 2 3 1 3
2314 2 3 1 4
2315 2 3 1 5
2316 2 3 1 6
2317 2 3 1 7
2318 2 3 1 8
2319 2 3 1 9
2320 2 3 2 0
2321 2 3 2 1
2322 2 3 2 2
2323 2 3 2 3
2324 2 3 2 4
2325 2 3 2 5
2326 2 3 2 6
2327 2 3 2 7
2328 2 3 2 8
2329 2 3 2 9
2330 2 3 3 0
2331 2 3 3 1
2332 2 3 3 2
2333 2 3 3 3
2334 2 3 3 4
2335 2 3 3 5
2336 2 3 3 6
2337 2 3 3 7
2338 2 3 3 8
2339 2 3 3 9
2340 2 3 4 0
2341 2 3 4 1
2342 2 3 4 2
2343 2 3 4 3
2344 2 3 4 4
2345 2 3 4 5
2346 2 3 4 6
2347 2 3 4 7
2348 2 3 4 8
2349 2 3 4 9
2350 2 3 5 0
2351 2 3 5 1
2352 2 3 5 2
2353 2 3 5 3
2354 2 3 5 4
2355 2 3 5 5
2356 2 3 5 6
2357 2 3 5 7
2358 2 3 5 8
2359 2 3 5 9
2360 2 3 6 0
2361 2 3 6 1
2362 2 3 6 2
2363 2 3 6 3
2364 2 3 6 4
2365 2 3 6 5
2366 2 3 6 6
2367 2 3 6 7
2368 2 3 6 8
2369 2 3 6 9
2370 2 3 7 0
2371 2 3 7 1
2372 2 3 7 2
2373 2 3 7 3
2374 2 3 7 4
2375 2 3 7 5
2376 2 3 7 6
2377 2 3 7 7
2378 2 3 7 8
2379 2 3 7 9
2380 2 3 8 0
2381 2 3 8 1
2382 2 3 8 2
2383 2 3 8 3
2384 2 3 8 4
2385 2 3 8 5
2386 2 3 8 6
2387 2 3 8 7
2388 2 3 8 8
2389 2 3 8 9
2390 2 3 9 0
2391 2 3 9 1
2392 2 3 9 2
2393 2 3 9 3
2394 2 3 9 4
2395 2 3 9 5
2396 2 3 9 6
2397 2 3 9 7
2398 2 3 9 8
2399 2 3 9 9
2400 2 4 9 0
2401 2 4 9 1
2402 2 4 9 2
2403 2 4 9 3
2404 2 4 9 4
2405 2 4 9 5
2406 2 4 9 6
2407 2 4 9 7
2408 2 4 9 8
2409 2 4 9 9
2410 2 4 1 0
2411 2 4 1 1
2412 2 4 1 2
2413 2 4 1 3
2414 2 4 1 4
2415 2 4 1 5
2416 2 4 1 6
2417 2 4 1 7
2418 2 4 1 8
2419 2 4 1 9
2420 2 4 2 0
2421 2 4 2 1
2422 2 4 2 2
2423 2 4 2 3
2424 2 4 2 4
2425 2 4 2 5
2426 2 4 2 6
2427 2 4 2 7
2428 2 4 2 8
2429 2 4 2 9
2430 2 4 3 0
2431 2 4 3 1
2432 2 4 3 2
2433 2 4 3 3
2434 2 4 3 4
2435 2 4 3 5
2436 2 4 3 6
2437 2 4 3 7
2438 2 4 3 8
2439 2 4 3 9
2440 2 4 4 0
2441 2 4 4 1
2442 2 4 4 2
2443 2 4 4 3
2444 2 4 4 4
2445 2 4 4 5
2446 2 4 4 6
2447 2 4 4 7
2448 2 4 4 8
2449 2 4 4 9
2450 2 4 5 0
2451 2 4 5 1
2452 2 4 5 2
2453 2 4 5 3
2454 2 4 5 4
2455 2 4 5 5
2456 2 4 5 6
2457 2 4 5 7
2458 2 4 5 8
2459 2 4 5 9
2460 2 4 6 0
2461 2 4 6 1
2462 2 4 6 2
2463 2 4 6 3
2464 2 4 6 4
2465 2 4 6 5
2466 2 4 6 6
2467 2 4 6 7
2468 2 4 6 8
2469 2 4 6 9
2470 2 4 7 0
2471 2 4 7 1
2472 2 4 7 2
2473 2 4 7 3
2474 2 4 7 4
2475 2 4 7 5
2476 2 4 7 6
2477 2 4 7 7
2478 2 4 7 8
2479 2 4 7 9
2480 2 4 8 0
2481 2 4 8 1
2482 2 4 8 2
2483 2 4 8 3
2484 2 4 8 4
2485 2 4 8 5
2486 2 4 8 6
2487 2 4 8 7
2488 2 4 8 8
2489 2 4 8 9
2490 2 4 9 0
2491 2 4 9 1
2492 2 4 9 2
2493 2 4 9 3
2494 2 4 9 4
2495 2 4 9 5
2496 2 4 9 6
2497 2 4 9 7
2498 2 4 9 8
2499 2 4 9 9
2500 2 5 9 0
2501 2 5 9 1
2502 2 5 9 2
2503 2 5 9 3
2504 2 5 9 4
2505 2 5 9 5
2506 2 5 9 6
2507 2 5 9 7
2508 2 5 9 8
2509 2 5 9 9
2510 2 5 1 0
2511 2 5 1 1
2512 2 5 1 2
2513 2 5 1 3
2514 2 5 1 4
2515 2 5 1 5
2516 2 5 1 6
2517 2 5 1 7
2518 2 5 1 8
2519 2 5 1 9
2520 2 5 2 0
2521 2 5 2 1
2522 2 5 2 2
2523 2 5 2 3
2524 2 5 2 4
2525 2 5 2 5
2526 2 5 2 6
2527 2 5 2 7
2528 2 5 2 8
2529 2 5 2 9
2530 2 5 3 0
2531 2 5 3 1
2532 2 5 3 2
2533 2 5 3 3
2534 2 5 3 4
2535 2 5 3 5
2536 2 5 3 6
2537 2 5 3 7
2538 2 5 3 8
2539 2 5 3 9
2540 2 5 4 0
2541 2 5 4 1
2542 2 5 4 2
2543 2 5 4 3
2544 2 5 4 4
2545 2 5 4 5
2546 2 5 4 6
2547 2 5 4 7
2548 2 5 4 8
2549 2 5 4 9
2550 2 5 5 0
2551 2 5 5 1
2552 2 5 5 2
2553 2 5 5 3
2554 2 5 5 4
2555 2 5 5 5
2556 2 5 5 6
2557 2 5 5 7
2558 2 5 5 8
2559 2 5 5 9
2560 2 5 6 0
2561 2 5 6 1
2562 2 5 6 2
2563 2 5 6 3
2564 2 5 6 4
2565 2 5 6 5
2566 2 5 6 6
2567 2 5 6 7
2568 2 5 6 8
2569 2 5 6 9
2570 2 5 7 0
2571 2 5 7 1
2572 2 5 7 2
2573 2 5 7 3
2574 2 5 7 4
2575 2 5 7 5
2576 2 5 7 6
2577 2 5 7 7
2578 2 5 7 8
2579 2 5 7 9
2580 2 5 8 0
2581 2 5 8 1
2582 2 5 8 2
2583 2 5 8 3
2584 2 5 8 4
2585 2 5 8 5
2586 2 5 8 6
2587 2 5 8 7
2588 2 5 8 8
2589 2 5 8 9
2590 2 5 9 0
2591 2 5 9 1
2592 2 5 9 2
2593 2 5 9 3
2594 2 5 9 4
2595 2 5 9 5
2596 2 5 9 6
2597 2 5 9 7
2598 2 5 9 8
2599 2 5 9 9
2600 2 6 9 0
2601 2 6 9 1
2602 2 6 9 2
2603 2 6 9 3
2604 2 6 9 4
2605 2 6 9 5
2606 2 6 9 6
2607 2 6 9 7
2608 2 6 9 8
2609 2 6 9 9
2610 2 6 1 0
2611 2 6 1 1
2612 2 6 1 2
2613 2 6 1 3
2614 2 6 1 4
2615 2 6 1 5
2616 2 6 1 6
2617 2 6 1 7
2618 2 6 1 8
2619 2 6 1 9
2620 2 6 2 0
2621 2 6 2 1
2622 2 6 2 2
2623 2 6 2 3
2624 2 6 2 4
2625 2 6 2 5
2626 2 6 2 6
2627 2 6 2 7
2628 2 6 2 8
2629 2 6 2 9
2630 2 6 3 0
2631 2 6 3 1
2632 2 6 3 2
2633 2 6 3 3
2634 2 6 3 4
2635 2 6 3 5
2636 2 6 3 6
2637 2 6 3 7
2638 2 6 3 8
2639 2 6 3 9
2640 2 6 4 0
2641 2 6 4 1
2642 2 6 4 2
2643 2 6 4 3
2644 2 6 4 4
2645 2 6 4 5
2646 2 6 4 6
2647 2 6 4 7
2648 2 6 4 8
2649 2 6 4 9
2650 2 6 5 0
2651 2 6 5 1
2652 2 6 5 2
2653 2 6 5 3
2654 2 6 5 4
2655 2 6 5 5
2656 2 6 5 6
2657 2 6 5 7
2658 2 6 5 8
2659 2 6 5 9
2660 2 6 6 0
2661 2 6 6 1
2662 2 6 6 2
2663 2 6 6 3
2664 2 6 6 4
2665 2 6 6 5
2666 2 6 6 6
2667 2 6 6 7
2668 2 6 6 8
2669 2 6 6 9
2670 2 6 7 0
2671 2 6 7 1
2672 2 6 7 2
2673 2 6 7 3
2674 2 6 7 4
2675 2 6 7 5
2676 2 6 7 6
2677 2 6 7 7
2678 2 6 7 8
2679 2 6 7 9
2680 2 6 8 0
2681 2 6 8 1
2682 2 6 8 2
2683 2 6 8 3
2684 2 6 8 4
2685 2 6 8 5
2686 2 6 8 6
2687 2 6 8 7
2688 2 6 8 8
2689 2 6 8 9
2690 2 6 9 0
2691 2 6 9 1
2692 2 6 9 2
2693 2 6 9 3
2694 2 6 9 4
2695 2 6 9 5
2696 2 6 9 6
2697 2 6 9 7
2698 2 6 9 8
2699 2 6 9 9
2700 2 7 9 0
2701 2 7 9 1
2702 2 7 9 2
2703 2 7 9 3
2704 2 7 9 4
2705 2 7 9 5
2706 2 7 9 6
2707 2 7 9 7
2708 2 7 9 8
2709 2 7 9 9
2710 2 7 1 0
2711 2 7 1 1
2712 2 7 1 2
2713 2 7 1 3
2714 2 7 1 4
2715 2 7 1 5
2716 2 7 1 6
2717 2 7 1 7
2718 2 7 1 8
2719 2 7 1 9
2720 2 7 2 0
2721 2 7 2 1
2722 2 7 2 2
2723 2 7 2 3
2724 2 7 2 4
2725 2 7 2 5
2726 2 7 2 6
2727 2 7 2 7
2728 2 7 2 8
2729 2 7 2 9
2730 2 7 3 0
2731 2 7 3 1
2732 2 7 3 2
2733 2 7 3 3
2734 2 7 3 4
2735 2 7 3 5
2736 2 7 3 6
2737 2 7 3 7
2738 2 7 3 8
2739 2 7 3 9
2740 2 7 4 0
2741 2 7 4 1
2742 2 7 4 2
2743 2 7 4 3
2744 2 7 4 4
2745 2 7 4 5
2746 2 7 4 6
2747 2 7 4 7
2748 2 7 4 8
2749 2 7 4 9
2750 2 7 5 0
2751 2 7 5 1
2752 2 7 5 2
2753 2 7 5 3
2754 2 7 5 4
2755 2 7 5 5
2756 2 7 5 6
2757 2 7 5 7
2758 2 7 5 8
2759 2 7 5 9
2760 2 7 6 0
2761 2 7 6 1
2762 2 7 6 2
2763 2 7 6 3
2764 2 7 6 4
2765 2 7 6 5
2766 2 7 6 6
2767 2 7 6 7
2768 2 7 6 8
2769 2 7 6 9
2770 2 7 7 0
2771 2 7 7 1
2772 2 7 7 2
2773 2 7 7 3
2774 2 7 7 4
2775 2 7 7 5
2776 2 7 7 6
2777 2 7 7 7
2778 2 7 7 8
2779 2 7 7 9
2780 2 7 8 0
2781 2 7 8 1
2782 2 7 8 2
2783 2 7 8 3
2784 2 7 8 4
2785 2 7 8 5
2786 2 7 8 6
2787 2 7 8 7
2788 2 7 8 8
2789 2 7 8 9
2790 2 7 9 0
2791 2 7 9 1
2792 2 7 9 2
2793 2 7 9 3
2794 2 7 9 4
2795 2 7 9 5
2796 2 7 9 6
2797 2 7 9 7
2798 2 7 9 8
2799 2 7 9 9
2800 2 8 9 0
2801 2 8 9 1
2802 2 8 9 2
2803 2 8 9 3
2804 2 8 9 4
2805 2 8 9 5
2806 2 8 9 6
2807 2 8 9 7
2808 2 8 9 8
2809 2 8 9 9
2810 2 8 1 0
2811 2 8 1 1
2812 2 8 1 2
2813 2 8 1 3
2814 2 8 1 4
2815 2 8 1 5
2816 2 8 1 6
2817 2 8 1 7
2818 2 8 1 8
2819 2 8 1 9
2820 2 8 2 0
2821 2 8 2 1
2822 2 8 2 2
2823 2 8 2 3
2824 2 8 2 4
2825 2 8 2 5
2826 2 8 2 6
2827 2 8 2 7
2828 2 8 2 8
2829 2 8 2 9
2830 2 8 3 0
2831 2 8 3 1
2832 2 8 3 2
2833 2 8 3 3
2834 2 8 3 4
2835 2 8 3 5
2836 2 8 3 6
2837 2 8 3 7
2838 2 8 3 8
2839 2 8 3 9
2840 2 8 4 0
2841 2 8 4 1
2842 2 8 4 2
2843 2 8 4 3
2844 2 8 4 4
2845 2 8 4 5
2846 2 8 4 6
2847 2 8 4 7
2848 2 8 4 8
2849 2 8 4 9
2850 2 8 5 0
2851 2 8 5 1
2852 2 8 5 2
2853 2 8 5 3
2854 2 8 5 4
2855 2 8 5 5
2856 2 8 5 6
2857 2 8 5 7
2858 2 8 5 8
2859 2 8 5 9
2860 2 8 6 0
2861 2 8 6 1
2862 2 8 6 2
2863 2 8 6 3
2864 2 8 6 4
2865 2 8 6 5
2866 2 8 6 6
2867 2 8 6 7
2868 2 8 6 8
2869 2 8 6 9
2870 2 8 7 0
2871 2 8 7 1
2872 2 8 7 2
2873 2 8 7 3
2874 2 8 7 4
2875 2 8 7 5
2876 2 8 7 6
2877 2 8 7 7
2878 2 8 7 8
2879 2 8 7 9
2880 2 8 8 0
2881 2 8 8 1
2882 2 8 8 2
2883 2 8 8 3
2884 2 8 8 4
2885 2 8 8 5
2886 2 8 8 6
2887 2 8 8 7
2888 2 8 8 8
2889 2 8 8 9
2890 2 8 9 0
2891 2 8 9 1
2892 2 8 9 2
2893 2 8 9 3
2894 2 8 9 4
2895 2 8 9 5
2896 2 8 9 6
2897 2 8 9 7
2898 2 8 9 8
2899 2 8 9 9
2900 2 9 9 0
2901 2 9 9 1
2902 2 9 9 2
2903 2 9 9 3
2904 2 9 9 4
2905 2 9 9 5
2906 2 9 9 6
2907 2 9 9 7
2908 2 9 9 8
2909 2 9 9 9
2910 2 9 1 0
2911 2 9 1 1
2912 2 9 1 2
2913 2 9 1 3
2914 2 9 1 4
2915 2 9 1 5
2916 2 9 1 6
2917 2 9 1 7
2918 2 9 1 8
2919 2 9 1 9
2920 2 9 2 0
2921 2 9 2 1
2922 2 9 2 2
2923 2 9 2 3
2924 2 9 2 4
2925 2 9 2 5
2926 2 9 2 6
2927 2 9 2 7
2928 2 9 2 8
2929 2 9 2 9
2930 2 9 3 0
2931 2 9 3 1
2932 2 9 3 2
2933 2 9 3 3
2934 2 9 3 4
2935 2 9 3 5
2936 2 9 3 6
2937 2 9 3 7
2938 2 9 3 8
2939 2 9 3 9
2940 2 9 4 0
2941 2 9 4 1
2942 2 9 4 2
2943 2 9 4 3
2944 2 9 4 4
2945 2 9 4 5
2946 2 9 4 6
2947 2 9 4 7
2948 2 9 4 8
2949 2 9 4 9
2950 2 9 5 0
2951 2 9 5 1
2952 2 9 5 2
2953 2 9 5 3
2954 2 9 5 4
2955 2 9 5 5
2956 2 9 5 6
2957 2 9 5 7
2958 2 9 5 8
2959 2 9 5 9
2960 2 9 6 0
2961 2 9 6 1
2962 2 9 6 2
2963 2 9 6 3
2964 2 9 6 4
2965 2 9 6 5
2966 2 9 6 6
2967 2 9 6 7
2968 2 9 6 8
2969 2 9 6 9
2970 2 9 7 0
2971 2 9 7 1
2972 2 9 7 2
2973 2 9 7 3
2974 2 9 7 4
2975 2 9 7 5
2976 2 9 7 6
2977 2 9 7 7
2978 2 9 7 8
2979 2 9 7 9
2980 2 9 8 0
2981 2 9 8 1
2982 2 9 8 2
2983 2 9 8 3
2984 2 9 8 4
2985 2 9 8 5
2986 2 9 8 6
2987 2 9 8 7
2988 2 9 8 8
2989 2 9 8 9
2990 2 9 9 0
2991 2 9 9 1
2992 2 9 9 2
2993 2 9 9 3
2994 2 9 9 4
2995 2 9 9 5
2996 2 9 9 6
2997 2 9 9 7
2998 2 9 9 8
2999 2 9 9 9
3000 3 9 9 0
3001 3 9 9 1
3002 3 9 9 2
3003 3 9 9 3
3004 3 9 9 4
3005 3 9 9 5
3006 3 9 9 6
3007 3 9 9 7
3008 3 9 9 8
3009 3 9 9 9
3010 3 9 1 0
3011 3 9 1 1
3012 3 9 1 2
3013 3 9 1 3
3014 3 9 1 4
3015 3 9 1 5
3016 3 9 1 6
3017 3 9 1 7
3018 3 9 1 8
3019 3 9 1 9
3020 3 9 2 0
3021 3 9 2 1
3022 3 9 2 2
3023 3 9 2 3
3024 3 9 2 4
3025 3 9 2 5
3026 3 9 2 6
3027 3 9 2 7
3028 3 9 2 8
3029 3 9 2 9
3030 3 9 3 0
3031 3 9 3 1
3032 3 9 3 2
3033 3 9 3 3
3034 3 9 3 4
3035 3 9 3 5
3036 3 9 3 6
3037 3 9 3 7
3038 3 9 3 8
3039 3 9 3 9
3040 3 9 4 0
3041 3 9 4 1
3042 3 9 4 2
3043 3 9 4 3
3044 3 9 4 4
3045 3 9 4 5
3046 3 9 4 6
3047 3 9 4 7
3048 3 9 4 8
3049 3 9 4 9
3050 3 9 5 0
3051 3 9 5 1
3052 3 9 5 2
3053 3 9 5 3
3054 3 9 5 4
3055 3 9 5 5
3056 3 9 5 6
3057 3 9 5 7
3058 3 9 5 8
3059 3 9 5 9
3060 3 9 6 0
3061 3 9 6 1
3062 3 9 6 2
3063 3 9 6 3
3064 3 9 6 4
3065 3 9 6 5
3066 3 9 6 6
3067 3 9 6 7
3068 3 9 6 8
3069 3 9 6 9
3070 3 9 7 0
3071 3 9 7 1
3072 3 9 7 2
3073 3 9 7 3
3074 3 9 7 4
3075 3 9 7 5
3076 3 9 7 6
3077 3 9 7 7
3078 3 9 7 8
3079 3 9 7 9
3080 3 9 8 0
3081 3 9 8 1
3082 3 9 8 2
3083 3 9 8 3
3084 3 9 8 4
3085 3 9 8 5
3086 3 9 8 6
3087 3 9 8 7
3088 3 9 8 8
3089 3 9 8 9
3090 3 9 9 0
3091 3 9 9 1
3092 3 9 9 2
3093 3 9 9 3
3094 3 9 9 4
3095 3 9 9 5
3096 3 9 9 6
3097 3 9 9 7
3098 3 9 9 8
3099 3 9 9 9
3100 3 1 9 0
3101 3 1 9 1
3102 3 1 9 2
3103 3 1 9 3
3104 3 1 9 4
3105 3 1 9 5
3106 3 1 9 6
3107 3 1 9 7
3108 3 1 9 8
3109 3 1 9 9
3110 3 1 1 0
3111 3 1 1 1
3112 3 1 1 2
3113 3 1 1 3
3114 3 1 1 4
3115 3 1 1 5
3116 3 1 1 6
3117 3 1 1 7
3118 3 1 1 8
3119 3 1 1 9
3120 3 1 2 0
3121 3 1 2 1
3122 3 1 2 2
3123 3 1 2 3
3124 3 1 2 4
3125 3 1 2 5
3126 3 1 2 6
3127 3 1 2 7
3128 3 1 2 8
3129 3 1 2 9
3130 3 1 3 0
3131 3 1 3 1
3132 3 1 3 2
3133 3 1 3 3
3134 3 1 3 4
3135 3 1 3 5
3136 3 1 3 6
3137 3 1 3 7
3138 3 1 3 8
3139 3 1 3 9
3140 3 1 4 0
3141 3 1 4 1
3142 3 1 4 2
3143 3 1 4 3
3144 3 1 4 4
3145 3 1 4 5
3146 3 1 4 6
3147 3 1 4 7
3148 3 1 4 8
3149 3 1 4 9
3150 3 1 5 0
3151 3 1 5 1
3152 3 1 5 2
3153 3 1 5 3
3154 3 1 5 4
3155 3 1 5 5
3156 3 1 5 6
3157 3 1 5 7
3158 3 1 5 8
3159 3 1 5 9
3160 3 1 6 0
3161 3 1 6 1
3162 3 1 6 2
3163 3 1 6 3
3164 3 1 6 4
3165 3 1 6 5
3166 3 1 6 6
3167 3 1 6 7
3168 3 1 6 8
3169 3 1 6 9
3170 3 1 7 0
3171 3 1 7 1
3172 3 1 7 2
3173 3 1 7 3
3174 3 1 7 4
3175 3 1 7 5
3176 3 1 7 6
3177 3 1 7 7
3178 3 1 7 8
3179 3 1 7 9
3180 3 1 8 0
3181 3 1 8 1
3182 3 1 8 2
3183 3 1 8 3
3184 3 1 8 4
3185 3 1 8 5
3186 3 1 8 6
3187 3 1 8 7
3188 3 1 8 8
3189 3 1 8 9
3190 3 1 9 0
3191 3 1 9 1
3192 3 1 9 2
3193 3 1 9 3
3194 3 1 9 4
3195 3 1 9 5
3196 3 1 9 6
3197 3 1 9 7
3198 3 1 9 8
3199 3 1 9 9
3200 3 2 9 0
3201 3 2 9 1
3202 3 2 9 2
3203 3 2 9 3
3204 3 2 9 4
3205 3 2 9 5
3206 3 2 9 6
3207 3 2 9 7
3208 3 2 9 8
3209 3 2 9 9
3210 3 2 1 0
3211 3 2 1 1
3212 3 2 1 2
3213 3 2 1 3
3214 3 2 1 4
3215 3 2 1 5
3216 3 2 1 6
3217 3 2 1 7
3218 3 2 1 8
3219 3 2 1 9
3220 3 2 2 0
3221 3 2 2 1
3222 3 2 2 2
3223 3 2 2 3
3224 3 2 2 4
3225 3 2 2 5
3226 3 2 2 6
3227 3 2 2 7
3228 3 2 2 8
3229 3 2 2 9
3230 3 2 3 0
3231 3 2 3 1
3232 3 2 3 2
3233 3 2 3 3
3234 3 2 3 4
3235 3 2 3 5
3236 3 2 3 6
3237 3 2 3 7
3238 3 2 3 8
3239 3 2 3 9
3240 3 2 4 0
3241 3 2 4 1
3242 3 2 4 2
3243 3 2 4 3
3244 3 2 4 4
3245 3 2 4 5
3246 3 2 4 6
3247 3 2 4 7
3248 3 2 4 8
3249 3 2 4 9
3250 3 2 5 0
3251 3 2 5 1
3252 3 2 5 2
3253 3 2 5 3
3254 3 2 5 4
3255 3 2 5 5
3256 3 2 5 6
3257 3 2 5 7
3258 3 2 5 8
3259 3 2 5 9
3260 3 2 6 0
3261 3 2 6 1
3262 3 2 6 2
3263 3 2 6 3
3264 3 2 6 4
3265 3 2 6 5
3266 3 2 6 6
3267 3 2 6 7
3268 3 2 6 8
3269 3 2 6 9
3270 3 2 7 0
3271 3 2 7 1
3272 3 2 7 2
3273 3 2 7 3
3274 3 2 7 4
3275 3 2 7 5
3276 3 2 7 6
3277 3 2 7 7
3278 3 2 7 8
3279 3 2 7 9
3280 3 2 8 0
3281 3 2 8 1
3282 3 2 8 2
3283 3 2 8 3
3284 3 2 8 4
3285 3 2 8 5
3286 3 2 8 6
3287 3 2 8 7
3288 3 2 8 8
3289 3 2 8 9
3290 3 2 9 0
3291 3 2 9 1
3292 3 2 9 2
3293 3 2 9 3
3294 3 2 9 4
3295 3 2 9 5
3296 3 2 9 6
3297 3 2 9 7
3298 3 2 9 8
3299 3 2 9 9
3300 3 3 9 0
3301 3 3 9 1
3302 3 3 9 2
3303 3 3 9 3
3304 3 3 9 4
3305 3 3 9 5
3306 3 3 9 6
3307 3 3 9 7
3308 3 3 9 8
3309 3 3 9 9
3310 3 3 1 0
3311 3 3 1 1
3312 3 3 1 2
3313 3 3 1 3
3314 3 3 1 4
3315 3 3 1 5
3316 3 3 1 6
3317 3 3 1 7
3318 3 3 1 8
3319 3 3 1 9
3320 3 3 2 0
3321 3 3 2 1
3322 3 3 2 2
3323 3 3 2 3
3324 3 3 2 4
3325 3 3 2 5
3326 3 3 2 6
3327 3 3 2 7
3328 3 3 2 8
3329 3 3 2 9
3330 3 3 3 0
3331 3 3 3 1
3332 3 3 3 2
3333 3 3 3 3
3334 3 3 3 4
3335 3 3 3 5
3336 3 3 3 6
3337 3 3 3 7
3338 3 3 3 8
3339 3 3 3 9
3340 3 3 4 0
3341 3 3 4 1
3342 3 3 4 2
3343 3 3 4 3
3344 3 3 4 4
3345 3 3 4 5
3346 3 3 4 6
3347 3 3 4 7
3348 3 3 4 8
3349 3 3 4 9
3350 3 3 5 0
3351 3 3 5 1
3352 3 3 5 2
3353 3 3 5 3
3354 3 3 5 4
3355 3 3 5 5
3356 3 3 5 6
3357 3 3 5 7
3358 3 3 5 8
3359 3 3 5 9
3360 3 3 6 0
3361 3 3 6 1
3362 3 3 6 2
3363 3 3 6 3
3364 3 3 6 4
3365 3 3 6 5
3366 3 3 6 6
3367 3 3 6 7
3368 3 3 6 8
3369 3 3 6 9
3370 3 3 7 0
3371 3 3 7 1
3372 3 3 7 2
3373 3 3 7 3
3374 3 3 7 4
3375 3 3 7 5
3376 3 3 7 6
3377 3 3 7 7
3378 3 3 7 8
3379 3 3 7 9
3380 3 3 8 0
3381 3 3 8 1
3382 3 3 8 2
3383 3 3 8 3
3384 3 3 8 4
3385 3 3 8 5
3386 3 3 8 6
3387 3 3 8 7
3388 3 3 8 8
3389 3 3 8 9
3390 3 3 9 0
3391 3 3 9 1
3392 3 3 9 2
3393 3 3 9 3
3394 3 3 9 4
3395 3 3 9 5
3396 3 3 9 6
3397 3 3 9 7
3398 3 3 9 8
3399 3 3 9 9
3400 3 4 9 0
3401 3 4 9 1
3402 3 4 9 2
3403 3 4 9 3
3404 3 4 9 4
3405 3 4 9 5
3406 3 4 9 6
3407 3 4 9 7
3408 3 4 9 8
3409 3 4 9 9
3410 3 4 1 0
3411 3 4 1 1
3412 3 4 1 2
3413 3 4 1 3
3414 3 4 1 4
3415 3 4 1 5
3416 3 4 1 6
3417 3 4 1 7
3418 3 4 1 8
3419 3 4 1 9
3420 3 4 2 0
3421 3 4 2 1
3422 3 4 2 2
3423 3 4 2 3
3424 3 4 2 4
3425 3 4 2 5
3426 3 4 2 6
3427 3 4 2 7
3428 3 4 2 8
3429 3 4 2 9
3430 3 4 3 0
3431 3 4 3 1
3432 3 4 3 2
3433 3 4 3 3
3434 3 4 3 4
3435 3 4 3 5
3436 3 4 3 6
3437 3 4 3 7
3438 3 4 3 8
3439 3 4 3 9
3440 3 4 4 0
3441 3 4 4 1
3442 3 4 4 2
3443 3 4 4 3
3444 3 4 4 4
3445 3 4 4 5
3446 3 4 4 6
3447 3 4 4 7
3448 3 4 4 8
3449 3 4 4 9
3450 3 4 5 0
3451 3 4 5 1
3452 3 4 5 2
3453 3 4 5 3
3454 3 4 5 4
3455 3 4 5 5
3456 3 4 5 6
3457 3 4 5 7
3458 3 4 5 8
3459 3 4 5 9
3460 3 4 6 0
3461 3 4 6 1
3462 3 4 6 2
3463 3 4 6 3
3464 3 4 6 4
3465 3 4 6 5
3466 3 4 6 6
3467 3 4 6 7
3468 3 4 6 8
3469 3 4 6 9
3470 3 4 7 0
3471 3 4 7 1
3472 3 4 7 2
3473 3 4 7 3
3474 3 4 7 4
3475 3 4 7 5
3476 3 4 7 6
3477 3 4 7 7
3478 3 4 7 8
3479 3 4 7 9
3480 3 4 8 0
3481 3 4 8 1
3482 3 4 8 2
3483 3 4 8 3
3484 3 4 8 4
3485 3 4 8 5
3486 3 4 8 6
3487 3 4 8 7
3488 3 4 8 8
3489 3 4 8 9
3490 3 4 9 0
3491 3 4 9 1
3492 3 4 9 2
3493 3 4 9 3
3494 3 4 9 4
3495 3 4 9 5
3496 3 4 9 6
3497 3 4 9 7
3498 3 4 9 8
3499 3 4 9 9
I 4900
V 1750
X 5250
L 1750
C 5250
D 1600
M 4800
