41 3 3 5 8 11 13 22 22 25 27 29 30 31 32 34 38 42 42 44 46 48 50 52 53 55 55 56 58 59 64 66 70 71 72 73 73 73 77 79 80 80 84 84 91 92 92 97 100 58 
43 3 5 8 11 13 22 22 25 27 29 30 31 32 34 38 41 42 42 44 46 48 50 52 53 55 55 56 58 58 59 64 66 70 71 72 73 73 73 77 79 80 80 84 84 91 92 92 97 60 
41 5 8 11 13 22 22 25 27 29 30 31 32 34 38 41 42 42 43 44 46 48 50 52 53 55 55 56 58 58 59 60 64 66 70 71 72 73 73 73 77 79 80 80 84 84 91 92 92 58 
40 8 11 13 22 22 25 27 29 30 31 32 34 38 41 41 42 42 43 44 46 48 50 52 53 55 55 56 58 58 58 59 60 64 66 70 71 72 73 73 73 77 79 80 80 84 84 91 92 57 
41 11 13 22 22 25 27 29 30 31 32 34 38 40 41 41 42 42 43 44 46 48 50 52 53 55 55 56 57 58 58 58 59 60 64 66 70 71 72 73 73 73 77 79 80 80 84 84 91 58 
42 13 22 22 25 27 29 30 31 32 34 38 40 41 41 41 42 42 43 44 46 48 50 52 53 55 55 56 57 58 58 58 58 59 60 64 66 70 71 72 73 73 73 77 79 80 80 84 84 59 
40 22 22 25 27 29 30 31 32 34 38 40 41 41 41 42 42 42 43 44 46 48 50 52 53 55 55 56 57 58 58 58 58 59 59 60 64 66 70 71 72 73 73 73 77 79 80 80 84 57 
44 22 25 27 29 30 31 32 34 38 40 40 41 41 41 42 42 42 43 44 46 48 50 52 53 55 55 56 57 57 58 58 58 58 59 59 60 64 66 70 71 72 73 73 73 77 79 80 80 61 
42 25 27 29 30 31 32 34 38 40 40 41 41 41 42 42 42 43 44 44 46 48 50 52 53 55 55 56 57 57 58 58 58 58 59 59 60 61 64 66 70 71 72 73 73 73 77 79 80 59 
44 27 29 30 31 32 34 38 40 40 41 41 41 42 42 42 42 43 44 44 46 48 50 52 53 55 55 56 57 57 58 58 58 58 59 59 59 60 61 64 66 70 71 72 73 73 73 77 79 61 
44 29 30 31 32 34 38 40 40 41 41 41 42 42 42 42 43 44 44 44 46 48 50 52 53 55 55 56 57 57 58 58 58 58 59 59 59 60 61 61 64 66 70 71 72 73 73 73 77 61 
44 30 31 32 34 38 40 40 41 41 41 42 42 42 42 43 44 44 44 44 46 48 50 52 53 55 55 56 57 57 58 58 58 58 59 59 59 60 61 61 61 64 66 70 71 72 73 73 73 61 
43 31 32 34 38 40 40 41 41 41 42 42 42 42 43 44 44 44 44 44 46 48 50 52 53 55 55 56 57 57 58 58 58 58 59 59 59 60 61 61 61 61 64 66 70 71 72 73 73 60 
43 32 34 38 40 40 41 41 41 42 42 42 42 43 43 44 44 44 44 44 46 48 50 52 53 55 55 56 57 57 58 58 58 58 59 59 59 60 60 61 61 61 61 64 66 70 71 72 73 60 
44 34 38 40 40 41 41 41 42 42 42 42 43 43 43 44 44 44 44 44 46 48 50 52 53 55 55 56 57 57 58 58 58 58 59 59 59 60 60 60 61 61 61 61 64 66 70 71 72 61 
44 38 40 40 41 41 41 42 42 42 42 43 43 43 44 44 44 44 44 44 46 48 50 52 53 55 55 56 57 57 58 58 58 58 59 59 59 60 60 60 61 61 61 61 61 64 66 70 71 61 
46 40 40 41 41 41 42 42 42 42 43 43 43 44 44 44 44 44 44 44 46 48 50 52 53 55 55 56 57 57 58 58 58 58 59 59 59 60 60 60 61 61 61 61 61 61 64 66 70 63 
46 40 41 41 41 42 42 42 42 43 43 43 44 44 44 44 44 44 44 46 46 48 50 52 53 55 55 56 57 57 58 58 58 58 59 59 59 60 60 60 61 61 61 61 61 61 63 64 66 63 
44 41 41 41 42 42 42 42 43 43 43 44 44 44 44 44 44 44 46 46 46 48 50 52 53 55 55 56 57 57 58 58 58 58 59 59 59 60 60 60 61 61 61 61 61 61 63 63 64 61 
44 41 41 42 42 42 42 43 43 43 44 44 44 44 44 44 44 44 46 46 46 48 50 52 53 55 55 56 57 57 58 58 58 58 59 59 59 60 60 60 61 61 61 61 61 61 61 63 63 61 
43 41 42 42 42 42 43 43 43 44 44 44 44 44 44 44 44 44 46 46 46 48 50 52 53 55 55 56 57 57 58 58 58 58 59 59 59 60 60 60 61 61 61 61 61 61 61 61 63 60 
43 42 42 42 42 43 43 43 43 44 44 44 44 44 44 44 44 44 46 46 46 48 50 52 53 55 55 56 57 57 58 58 58 58 59 59 59 60 60 60 60 61 61 61 61 61 61 61 61 60 
43 42 42 42 43 43 43 43 43 44 44 44 44 44 44 44 44 44 46 46 46 48 50 52 53 55 55 56 57 57 58 58 58 58 59 59 59 60 60 60 60 60 61 61 61 61 61 61 61 60 
43 42 42 43 43 43 43 43 43 44 44 44 44 44 44 44 44 44 46 46 46 48 50 52 53 55 55 56 57 57 58 58 58 58 59 59 59 60 60 60 60 60 60 61 61 61 61 61 61 60 
43 42 43 43 43 43 43 43 43 44 44 44 44 44 44 44 44 44 46 46 46 48 50 52 53 55 55 56 57 57 58 58 58 58 59 59 59 60 60 60 60 60 60 60 61 61 61 61 61 60 
43 43 43 43 43 43 43 43 43 44 44 44 44 44 44 44 44 44 46 46 46 48 50 52 53 55 55 56 57 57 58 58 58 58 59 59 59 60 60 60 60 60 60 60 60 61 61 61 61 60 
43 43 43 43 43 43 43 43 43 44 44 44 44 44 44 44 44 44 46 46 46 48 50 52 53 55 55 56 57 57 58 58 58 58 59 59 59 60 60 60 60 60 60 60 60 60 61 61 61 60 
43 43 43 43 43 43 43 43 43 44 44 44 44 44 44 44 44 44 46 46 46 48 50 52 53 55 55 56 57 57 58 58 58 58 59 59 59 60 60 60 60 60 60 60 60 60 60 61 61 60 
43 43 43 43 43 43 43 43 43 44 44 44 44 44 44 44 44 44 46 46 46 48 50 52 53 55 55 56 57 57 58 58 58 58 59 59 59 60 60 60 60 60 60 60 60 60 60 60 61 60 
43 43 43 43 43 43 43 43 43 44 44 44 44 44 44 44 44 44 46 46 46 48 50 52 53 55 55 56 57 57 58 58 58 58 59 59 59 60 60 60 60 60 60 60 60 60 60 60 60 60 
22888
